0 info it worked if it ends with ok
1 verbose cli [ '/usr/local/Cellar/node/6.2.2/bin/node',
1 verbose cli   '/usr/local/bin/npm',
1 verbose cli   'start' ]
2 info using npm@3.3.12
3 info using node@v6.2.2
4 verbose run-script [ 'prestart', 'start', 'poststart' ]
5 info lifecycle dept-ag-form@~prestart: dept-ag-form@
6 silly lifecycle dept-ag-form@~prestart: no script for prestart, continuing
7 info lifecycle dept-ag-form@~start: dept-ag-form@
8 verbose lifecycle dept-ag-form@~start: unsafe-perm in lifecycle true
9 verbose lifecycle dept-ag-form@~start: PATH: /usr/local/lib/node_modules/npm/bin/node-gyp-bin:/Users/brockinit/dept-ag-form/node_modules/.bin:/usr/local/bin:/usr/bin:/bin:/usr/sbin:/sbin:/usr/local/MacGPG2/bin
10 verbose lifecycle dept-ag-form@~start: CWD: /Users/brockinit/dept-ag-form
11 silly lifecycle dept-ag-form@~start: Args: [ '-c', 'meteor run' ]
12 silly lifecycle dept-ag-form@~start: Returned: code: 2  signal: null
13 info lifecycle dept-ag-form@~start: Failed to exec start script
14 verbose stack Error: dept-ag-form@ start: `meteor run`
14 verbose stack Exit status 2
14 verbose stack     at EventEmitter.<anonymous> (/usr/local/lib/node_modules/npm/lib/utils/lifecycle.js:232:16)
14 verbose stack     at emitTwo (events.js:106:13)
14 verbose stack     at EventEmitter.emit (events.js:191:7)
14 verbose stack     at ChildProcess.<anonymous> (/usr/local/lib/node_modules/npm/lib/utils/spawn.js:24:14)
14 verbose stack     at emitTwo (events.js:106:13)
14 verbose stack     at ChildProcess.emit (events.js:191:7)
14 verbose stack     at maybeClose (internal/child_process.js:852:16)
14 verbose stack     at Process.ChildProcess._handle.onexit (internal/child_process.js:215:5)
15 verbose pkgid dept-ag-form@
16 verbose cwd /Users/brockinit/dept-ag-form
17 error Darwin 15.6.0
18 error argv "/usr/local/Cellar/node/6.2.2/bin/node" "/usr/local/bin/npm" "start"
19 error node v6.2.2
20 error npm  v3.3.12
21 error code ELIFECYCLE
22 error dept-ag-form@ start: `meteor run`
22 error Exit status 2
23 error Failed at the dept-ag-form@ start script 'meteor run'.
23 error Make sure you have the latest version of node.js and npm installed.
23 error If you do, this is most likely a problem with the dept-ag-form package,
23 error not with npm itself.
23 error Tell the author that this fails on your system:
23 error     meteor run
23 error You can get their info via:
23 error     npm owner ls dept-ag-form
23 error There is likely additional logging output above.
24 verbose exit [ 1, true ]
